{
"contracts\\SimpleVoting.sol":{"l":{"115":93,"116":87,"121":19,"122":18,"123":2,"125":17,"130":18,"134":17,"146":31,"159":54,"160":53,"162":53,"163":53,"169":53,"182":24,"183":24,"185":23,"186":23,"187":23,"191":23,"198":4,"200":4,"201":4,"203":4,"213":2,"214":2,"216":2,"217":2,"225":3,"227":2,"228":2,"231":2,"232":2,"233":2,"234":2,"251":16,"254":15,"258":15,"259":15,"260":15,"261":15,"263":15,"283":1,"284":1,"302":2,"303":2,"304":2,"306":2,"307":4,"308":4,"309":4,"331":2,"333":2,"335":2,"336":4,"337":2,"338":2,"339":2,"340":2,"344":2,"351":3,"359":3,"360":2},"path":"D:\\project-smart-contract-fix\\project-smart-contract-fix\\contracts\\SimpleVoting.sol","s":{"1":93,"2":19,"3":18,"4":2,"5":18,"6":54,"7":53,"8":53,"9":24,"10":24,"11":23,"12":4,"13":4,"14":4,"15":2,"16":2,"17":2,"18":3,"19":2,"20":16,"21":15,"22":15,"23":1,"24":1,"25":2,"26":2,"27":2,"28":2,"29":4,"30":3,"31":3,"32":1,"33":2},"b":{"1":[87,6],"2":[18,1],"3":[2,16],"4":[1,1],"5":[17,1],"6":[54,2],"7":[53,1],"8":[53,0],"9":[24,1],"10":[24,0],"11":[23,1],"12":[5,18],"13":[4,1],"14":[4,0],"15":[2,1],"16":[2,0],"17":[2,0],"18":[3,1],"19":[2,1],"20":[17,2],"21":[16,1],"22":[15,1],"23":[1,14],"24":[1,0],"25":[2,0],"26":[2,2],"27":[1,2]},"f":{"1":93,"2":19,"3":18,"4":31,"5":54,"6":24,"7":4,"8":2,"9":3,"10":16,"11":1,"12":2,"13":2,"14":3,"15":3},"fnMap":{"1":{"name":"onlyOwner","line":114,"loc":{"start":{"line":114,"column":4},"end":{"line":117,"column":4}}},"2":{"name":"votingIsOpen","line":120,"loc":{"start":{"line":120,"column":4},"end":{"line":126,"column":4}}},"3":{"name":"candidateExists","line":129,"loc":{"start":{"line":129,"column":4},"end":{"line":135,"column":4}}},"4":{"name":"constructor","line":145,"loc":{"start":{"line":145,"column":4},"end":{"line":147,"column":4}}},"5":{"name":"addCandidate","line":158,"loc":{"start":{"line":158,"column":4},"end":{"line":170,"column":4}}},"6":{"name":"startVoting","line":181,"loc":{"start":{"line":178,"column":4},"end":{"line":192,"column":4}}},"7":{"name":"endVoting","line":197,"loc":{"start":{"line":197,"column":4},"end":{"line":204,"column":4}}},"8":{"name":"assignWeight","line":212,"loc":{"start":{"line":212,"column":4},"end":{"line":218,"column":4}}},"9":{"name":"resetElection","line":224,"loc":{"start":{"line":224,"column":4},"end":{"line":235,"column":4}}},"10":{"name":"vote","line":249,"loc":{"start":{"line":246,"column":4},"end":{"line":264,"column":4}}},"11":{"name":"getCandidate","line":280,"loc":{"start":{"line":277,"column":4},"end":{"line":285,"column":4}}},"12":{"name":"getResults","line":293,"loc":{"start":{"line":293,"column":4},"end":{"line":311,"column":4}}},"13":{"name":"getWinner","line":321,"loc":{"start":{"line":321,"column":4},"end":{"line":345,"column":4}}},"14":{"name":"getCandidateCount","line":350,"loc":{"start":{"line":350,"column":4},"end":{"line":352,"column":4}}},"15":{"name":"isDeadlinePassed","line":358,"loc":{"start":{"line":358,"column":4},"end":{"line":361,"column":4}}}},"statementMap":{"1":{"start":{"line":115,"column":8},"end":{"line":115,"column":76}},"2":{"start":{"line":121,"column":8},"end":{"line":121,"column":74}},"3":{"start":{"line":122,"column":8},"end":{"line":122,"column":4403}},"4":{"start":{"line":123,"column":12},"end":{"line":123,"column":97}},"5":{"start":{"line":130,"column":8},"end":{"line":130,"column":4672}},"6":{"start":{"line":159,"column":8},"end":{"line":159,"column":91}},"7":{"start":{"line":160,"column":8},"end":{"line":160,"column":87}},"8":{"start":{"line":169,"column":8},"end":{"line":169,"column":50}},"9":{"start":{"line":182,"column":8},"end":{"line":182,"column":71}},"10":{"start":{"line":183,"column":8},"end":{"line":183,"column":79}},"11":{"start":{"line":191,"column":8},"end":{"line":191,"column":57}},"12":{"start":{"line":198,"column":8},"end":{"line":198,"column":66}},"13":{"start":{"line":201,"column":8},"end":{"line":201,"column":56}},"14":{"start":{"line":203,"column":8},"end":{"line":203,"column":51}},"15":{"start":{"line":213,"column":8},"end":{"line":213,"column":75}},"16":{"start":{"line":214,"column":8},"end":{"line":214,"column":79}},"17":{"start":{"line":217,"column":8},"end":{"line":217,"column":44}},"18":{"start":{"line":225,"column":8},"end":{"line":225,"column":74}},"19":{"start":{"line":227,"column":8},"end":{"line":227,"column":8161}},"20":{"start":{"line":251,"column":8},"end":{"line":251,"column":80}},"21":{"start":{"line":254,"column":8},"end":{"line":254,"column":8996}},"22":{"start":{"line":263,"column":8},"end":{"line":263,"column":52}},"23":{"start":{"line":283,"column":8},"end":{"line":283,"column":54}},"24":{"start":{"line":284,"column":8},"end":{"line":284,"column":42}},"25":{"start":{"line":306,"column":8},"end":{"line":306,"column":10725}},"26":{"start":{"line":331,"column":8},"end":{"line":331,"column":76}},"27":{"start":{"line":333,"column":8},"end":{"line":333,"column":28}},"28":{"start":{"line":335,"column":8},"end":{"line":335,"column":11676}},"29":{"start":{"line":336,"column":12},"end":{"line":336,"column":11740}},"30":{"start":{"line":351,"column":8},"end":{"line":351,"column":29}},"31":{"start":{"line":359,"column":8},"end":{"line":359,"column":45}},"32":{"start":{"line":359,"column":33},"end":{"line":359,"column":45}},"33":{"start":{"line":360,"column":8},"end":{"line":360,"column":47}}},"branchMap":{"1":{"line":115,"type":"if","locations":[{"start":{"line":115,"column":8},"end":{"line":115,"column":8}},{"start":{"line":115,"column":8},"end":{"line":115,"column":8}}]},"2":{"line":121,"type":"if","locations":[{"start":{"line":121,"column":8},"end":{"line":121,"column":8}},{"start":{"line":121,"column":8},"end":{"line":121,"column":8}}]},"3":{"line":122,"type":"if","locations":[{"start":{"line":122,"column":8},"end":{"line":122,"column":8}},{"start":{"line":122,"column":8},"end":{"line":122,"column":8}}]},"4":{"line":123,"type":"if","locations":[{"start":{"line":123,"column":12},"end":{"line":123,"column":12}},{"start":{"line":123,"column":12},"end":{"line":123,"column":12}}]},"5":{"line":130,"type":"if","locations":[{"start":{"line":130,"column":8},"end":{"line":130,"column":8}},{"start":{"line":130,"column":8},"end":{"line":130,"column":8}}]},"6":{"line":158,"type":"if","locations":[{"start":{"line":158,"column":58},"end":{"line":158,"column":58}},{"start":{"line":158,"column":58},"end":{"line":158,"column":58}}]},"7":{"line":159,"type":"if","locations":[{"start":{"line":159,"column":8},"end":{"line":159,"column":8}},{"start":{"line":159,"column":8},"end":{"line":159,"column":8}}]},"8":{"line":160,"type":"if","locations":[{"start":{"line":160,"column":8},"end":{"line":160,"column":8}},{"start":{"line":160,"column":8},"end":{"line":160,"column":8}}]},"9":{"line":181,"type":"if","locations":[{"start":{"line":181,"column":15},"end":{"line":181,"column":15}},{"start":{"line":181,"column":15},"end":{"line":181,"column":15}}]},"10":{"line":182,"type":"if","locations":[{"start":{"line":182,"column":8},"end":{"line":182,"column":8}},{"start":{"line":182,"column":8},"end":{"line":182,"column":8}}]},"11":{"line":183,"type":"if","locations":[{"start":{"line":183,"column":8},"end":{"line":183,"column":8}},{"start":{"line":183,"column":8},"end":{"line":183,"column":8}}]},"12":{"line":188,"type":"if","locations":[{"start":{"line":188,"column":14},"end":{"line":188,"column":47}},{"start":{"line":189,"column":14},"end":{"line":189,"column":14}}]},"13":{"line":197,"type":"if","locations":[{"start":{"line":197,"column":34},"end":{"line":197,"column":34}},{"start":{"line":197,"column":34},"end":{"line":197,"column":34}}]},"14":{"line":198,"type":"if","locations":[{"start":{"line":198,"column":8},"end":{"line":198,"column":8}},{"start":{"line":198,"column":8},"end":{"line":198,"column":8}}]},"15":{"line":212,"type":"if","locations":[{"start":{"line":212,"column":68},"end":{"line":212,"column":68}},{"start":{"line":212,"column":68},"end":{"line":212,"column":68}}]},"16":{"line":213,"type":"if","locations":[{"start":{"line":213,"column":8},"end":{"line":213,"column":8}},{"start":{"line":213,"column":8},"end":{"line":213,"column":8}}]},"17":{"line":214,"type":"if","locations":[{"start":{"line":214,"column":8},"end":{"line":214,"column":8}},{"start":{"line":214,"column":8},"end":{"line":214,"column":8}}]},"18":{"line":224,"type":"if","locations":[{"start":{"line":224,"column":38},"end":{"line":224,"column":38}},{"start":{"line":224,"column":38},"end":{"line":224,"column":38}}]},"19":{"line":225,"type":"if","locations":[{"start":{"line":225,"column":8},"end":{"line":225,"column":8}},{"start":{"line":225,"column":8},"end":{"line":225,"column":8}}]},"20":{"line":248,"type":"if","locations":[{"start":{"line":248,"column":8},"end":{"line":248,"column":8}},{"start":{"line":248,"column":8},"end":{"line":248,"column":8}}]},"21":{"line":249,"type":"if","locations":[{"start":{"line":249,"column":8},"end":{"line":249,"column":8}},{"start":{"line":249,"column":8},"end":{"line":249,"column":8}}]},"22":{"line":251,"type":"if","locations":[{"start":{"line":251,"column":8},"end":{"line":251,"column":8}},{"start":{"line":251,"column":8},"end":{"line":251,"column":8}}]},"23":{"line":255,"type":"if","locations":[{"start":{"line":255,"column":14},"end":{"line":255,"column":36}},{"start":{"line":256,"column":14},"end":{"line":256,"column":14}}]},"24":{"line":280,"type":"if","locations":[{"start":{"line":280,"column":8},"end":{"line":280,"column":8}},{"start":{"line":280,"column":8},"end":{"line":280,"column":8}}]},"25":{"line":331,"type":"if","locations":[{"start":{"line":331,"column":8},"end":{"line":331,"column":8}},{"start":{"line":331,"column":8},"end":{"line":331,"column":8}}]},"26":{"line":336,"type":"if","locations":[{"start":{"line":336,"column":12},"end":{"line":336,"column":12}},{"start":{"line":336,"column":12},"end":{"line":336,"column":12}}]},"27":{"line":359,"type":"if","locations":[{"start":{"line":359,"column":8},"end":{"line":359,"column":8}},{"start":{"line":359,"column":8},"end":{"line":359,"column":8}}]}}}}
