TN:
SF:D:\project-smart-contract-fix\project-smart-contract-fix\contracts\SimpleVoting.sol
FN:114,onlyOwner
FN:120,votingIsOpen
FN:129,candidateExists
FN:145,constructor
FN:158,addCandidate
FN:181,startVoting
FN:197,endVoting
FN:212,assignWeight
FN:224,resetElection
FN:249,vote
FN:280,getCandidate
FN:293,getResults
FN:321,getWinner
FN:350,getCandidateCount
FN:358,isDeadlinePassed
FNF:15
FNH:15
FNDA:93,onlyOwner
FNDA:19,votingIsOpen
FNDA:18,candidateExists
FNDA:31,constructor
FNDA:54,addCandidate
FNDA:24,startVoting
FNDA:4,endVoting
FNDA:2,assignWeight
FNDA:3,resetElection
FNDA:16,vote
FNDA:1,getCandidate
FNDA:2,getResults
FNDA:2,getWinner
FNDA:3,getCandidateCount
FNDA:3,isDeadlinePassed
DA:115,93
DA:116,87
DA:121,19
DA:122,18
DA:123,2
DA:125,17
DA:130,18
DA:134,17
DA:146,31
DA:159,54
DA:160,53
DA:162,53
DA:163,53
DA:169,53
DA:182,24
DA:183,24
DA:185,23
DA:186,23
DA:187,23
DA:191,23
DA:198,4
DA:200,4
DA:201,4
DA:203,4
DA:213,2
DA:214,2
DA:216,2
DA:217,2
DA:225,3
DA:227,2
DA:228,2
DA:231,2
DA:232,2
DA:233,2
DA:234,2
DA:251,16
DA:254,15
DA:258,15
DA:259,15
DA:260,15
DA:261,15
DA:263,15
DA:283,1
DA:284,1
DA:302,2
DA:303,2
DA:304,2
DA:306,2
DA:307,4
DA:308,4
DA:309,4
DA:331,2
DA:333,2
DA:335,2
DA:336,4
DA:337,2
DA:338,2
DA:339,2
DA:340,2
DA:344,2
DA:351,3
DA:359,3
DA:360,2
LF:63
LH:63
BRDA:115,1,0,87
BRDA:115,1,1,6
BRDA:121,2,0,18
BRDA:121,2,1,1
BRDA:122,3,0,2
BRDA:122,3,1,16
BRDA:123,4,0,1
BRDA:123,4,1,1
BRDA:130,5,0,17
BRDA:130,5,1,1
BRDA:158,6,0,54
BRDA:158,6,1,2
BRDA:159,7,0,53
BRDA:159,7,1,1
BRDA:160,8,0,53
BRDA:160,8,1,0
BRDA:181,9,0,24
BRDA:181,9,1,1
BRDA:182,10,0,24
BRDA:182,10,1,0
BRDA:183,11,0,23
BRDA:183,11,1,1
BRDA:188,12,0,5
BRDA:188,12,1,18
BRDA:197,13,0,4
BRDA:197,13,1,1
BRDA:198,14,0,4
BRDA:198,14,1,0
BRDA:212,15,0,2
BRDA:212,15,1,1
BRDA:213,16,0,2
BRDA:213,16,1,0
BRDA:214,17,0,2
BRDA:214,17,1,0
BRDA:224,18,0,3
BRDA:224,18,1,1
BRDA:225,19,0,2
BRDA:225,19,1,1
BRDA:248,20,0,17
BRDA:248,20,1,2
BRDA:249,21,0,16
BRDA:249,21,1,1
BRDA:251,22,0,15
BRDA:251,22,1,1
BRDA:255,23,0,1
BRDA:255,23,1,14
BRDA:280,24,0,1
BRDA:280,24,1,0
BRDA:331,25,0,2
BRDA:331,25,1,0
BRDA:336,26,0,2
BRDA:336,26,1,2
BRDA:359,27,0,1
BRDA:359,27,1,2
BRF:54
BRH:47
end_of_record
